[15Apr2025 00:00:16.742] [Server thread/INFO] [net.minecraft.server.MinecraftServer/]: [paco: Teleported paco to Anau]
[15Apr2025 00:01:10.469] [Server thread/INFO] [net.minecraft.server.MinecraftServer/]: paco was doomed to fall
[15Apr2025 00:01:12.623] [Server thread/INFO] [net.minecraft.server.MinecraftServer/]: [Not Secure] <Anau> bro
[15Apr2025 00:01:26.886] [Server thread/INFO] [net.minecraft.server.MinecraftServer/]: [paco: Teleported paco to 173.500000, 76.500000, -6.500000]
[15Apr2025 00:04:58.415] [Server thread/INFO] [net.minecraft.server.MinecraftServer/]: [Not Secure] <Anau> no tengo minas
[15Apr2025 00:05:14.111] [Server thread/INFO] [net.minecraft.server.MinecraftServer/]: [Johan: Teleported Johan to AlexaurusRex16]
[15Apr2025 00:05:24.063] [Server thread/INFO] [net.minecraft.server.MinecraftServer/]: [Not Secure] <AlexaurusRex16> estoy buscando la tumba de mi mujer
[15Apr2025 00:05:37.735] [Server thread/INFO] [net.minecraft.server.MinecraftServer/]: [Johan: Teleported Johan to AlexaurusRex16]
[15Apr2025 00:06:04.410] [Server thread/INFO] [net.minecraft.server.MinecraftServer/]: [Johan: Teleported Johan to AlexaurusRex16]
[15Apr2025 00:06:24.126] [Server thread/INFO] [net.minecraft.server.MinecraftServer/]: [Anau: Teleported Anau to AlexaurusRex16]
[15Apr2025 00:07:00.928] [Server thread/INFO] [net.minecraft.server.MinecraftServer/]: [paco: Teleported paco to Anau]
[15Apr2025 00:08:27.245] [Server thread/INFO] [net.minecraft.server.MinecraftServer/]: [AlexaurusRex16: Teleported AlexaurusRex16 to Johan]
[15Apr2025 00:10:13.770] [Server thread/INFO] [net.minecraft.server.MinecraftServer/]: [Johan: Teleported Johan to AlexaurusRex16]
[15Apr2025 00:10:28.519] [Server thread/INFO] [net.minecraft.server.MinecraftServer/]: [paco: Teleported paco to Anau]
[15Apr2025 00:10:39.590] [Server thread/INFO] [net.minecraft.server.MinecraftServer/]: [paco: Teleported paco to Johan]
[15Apr2025 00:10:47.035] [Server thread/INFO] [net.minecraft.server.MinecraftServer/]: [paco: Teleported Anau to paco]
[15Apr2025 00:10:55.866] [Server thread/INFO] [net.minecraft.server.MinecraftServer/]: [Not Secure] <Johan> anau?
[15Apr2025 00:11:08.674] [Server thread/INFO] [net.minecraft.server.MinecraftServer/]: [Johan: Teleported Johan to AlexaurusRex16]
[15Apr2025 00:11:09.738] [Server thread/INFO] [net.minecraft.server.MinecraftServer/]: [Anau: Teleported Anau to AlexaurusRex16]
[15Apr2025 00:11:20.355] [Server thread/INFO] [net.minecraft.server.MinecraftServer/]: [paco: Teleported paco to Johan]
[15Apr2025 00:11:37.363] [Server thread/INFO] [net.minecraft.server.MinecraftServer/]: [Not Secure] <Johan> siempre me pareció fea, pero nunca pensé en detonarme nada del alex que no fuese un familiar
[15Apr2025 00:11:39.016] [Server thread/INFO] [net.minecraft.server.MinecraftServer/]: paco blew up
[15Apr2025 00:11:43.117] [Server thread/INFO] [net.minecraft.server.MinecraftServer/]: [Not Secure] <Johan> siempre me pareció fea, pero nunca pensé en detonarme nada del alex que no fuese un familiar
[15Apr2025 00:11:45.387] [Server thread/INFO] [net.minecraft.server.MinecraftServer/]: [paco: Kicked Anau: Kicked by an operator]
[15Apr2025 00:11:45.436] [Server thread/INFO] [net.minecraft.server.network.ServerGamePacketListenerImpl/]: Anau lost connection: Kicked by an operator
[15Apr2025 00:11:45.436] [Server thread/INFO] [net.minecraft.server.MinecraftServer/]: Anau left the game
[15Apr2025 00:11:48.274] [Server thread/INFO] [net.minecraft.server.MinecraftServer/]: [Johan: Teleported Johan to AlexaurusRex16]
[15Apr2025 00:11:52.786] [Server thread/INFO] [net.minecraft.server.MinecraftServer/]: [paco: Teleported paco to 178.500000, 65.500000, 35.500000]
[15Apr2025 00:11:54.436] [Server thread/INFO] [net.minecraft.server.MinecraftServer/]: Johan burned to death
[15Apr2025 00:11:54.438] [Server thread/INFO] [com.tiviacz.travelersbackpack.TravelersBackpack/]: Created new backpack backup file for Johan with unique ID travelersbackpack.emerald_15.04.2025-00.11.54.dat
[15Apr2025 00:11:54.439] [Server thread/INFO] [com.tiviacz.travelersbackpack.TravelersBackpack/]: There's no space for backpack. Dropping backpack item at X: 171 Y: 69.0 Z: 35
[15Apr2025 00:11:59.411] [Server thread/INFO] [net.minecraft.server.MinecraftServer/]: [Johan: Teleported Johan to AlexaurusRex16]
[15Apr2025 00:12:00.383] [Server thread/INFO] [net.minecraft.server.network.ServerLoginPacketListenerImpl/]: com.mojang.authlib.GameProfile@26395198[id=<null>,name=Anau,properties={},legacy=false] (/127.206.124.17:35393) lost connection: Disconnected
[15Apr2025 00:12:12.383] [Server thread/INFO] [net.minecraft.server.network.ServerLoginPacketListenerImpl/]: com.mojang.authlib.GameProfile@c505fbb[id=<null>,name=Anau,properties={},legacy=false] (/127.206.124.17:40899) lost connection: Disconnected
[15Apr2025 00:12:15.550] [Server thread/INFO] [net.minecraft.server.players.PlayerList/]: Anau[/127.206.124.17:46383] logged in with entity id 92335 at (185.30000001192093, 65.0, 37.552185986909066)
[15Apr2025 00:12:15.560] [Server thread/INFO] [net.minecraft.server.MinecraftServer/]: Anau joined the game
[15Apr2025 00:12:15.599] [Server thread/INFO] [Jade/]: Syncing config to Anau (acd1c713-46ba-358c-8e2e-2ecf980537af)
[15Apr2025 00:14:26.153] [Server thread/INFO] [net.minecraft.server.MinecraftServer/]: [paco: Teleported paco to 14.500000, 68.500000, 20.500000]
[15Apr2025 00:15:27.442] [Server thread/INFO] [net.minecraft.server.MinecraftServer/]: [paco: Teleported paco to 134.500000, 77.500000, 23.500000]
[15Apr2025 00:16:46.567] [Server thread/INFO] [net.minecraft.server.MinecraftServer/]: [paco: Teleported paco to Johan]
[15Apr2025 00:16:55.620] [Server thread/INFO] [net.minecraft.server.MinecraftServer/]: [paco: Teleported paco to Johan]
[15Apr2025 00:18:31.935] [Server thread/INFO] [net.minecraft.server.MinecraftServer/]: [paco: Teleported paco to 236.500000, 80.500000, 5.500000]
[15Apr2025 00:20:09.551] [Server thread/INFO] [net.minecraft.server.MinecraftServer/]: [paco: Teleported paco to 134.500000, 77.500000, 23.500000]
[15Apr2025 00:21:56.041] [Server thread/INFO] [net.minecraft.server.MinecraftServer/]: [paco: Teleported paco to Johan]
[15Apr2025 00:22:01.538] [Server thread/INFO] [net.minecraft.server.MinecraftServer/]: [paco: Teleported paco to Johan]
[15Apr2025 00:22:12.102] [Server thread/INFO] [net.minecraft.server.MinecraftServer/]: [paco: Teleported paco to Johan]
[15Apr2025 00:22:14.489] [Server thread/INFO] [net.minecraft.server.MinecraftServer/]: [paco: Teleported paco to Johan]
[15Apr2025 00:22:31.142] [Server thread/INFO] [net.minecraft.server.MinecraftServer/]: [paco: Teleported paco to 134.500000, 77.500000, 23.500000]
[15Apr2025 00:23:18.900] [Server thread/INFO] [net.minecraft.server.MinecraftServer/]: [AlexaurusRex16: Teleported AlexaurusRex16 to Johan]
[15Apr2025 00:23:49.191] [Server thread/INFO] [net.minecraft.server.MinecraftServer/]: [AlexaurusRex16: Teleported AlexaurusRex16 to 129.500000, 76.500000, 28.500000]
[15Apr2025 00:24:34.484] [Server thread/INFO] [net.minecraft.server.network.ServerGamePacketListenerImpl/]: AlexaurusRex16 lost connection: Disconnected
[15Apr2025 00:24:34.484] [Server thread/INFO] [net.minecraft.server.MinecraftServer/]: AlexaurusRex16 left the game
[15Apr2025 00:25:00.335] [Server thread/INFO] [net.minecraft.server.network.ServerLoginPacketListenerImpl/]: com.mojang.authlib.GameProfile@1f4f224a[id=<null>,name=AlexaurusRex16,properties={},legacy=false] (/127.207.162.92:44517) lost connection: Disconnected
[15Apr2025 00:25:06.557] [Server thread/INFO] [net.minecraft.server.players.PlayerList/]: AlexaurusRex16[/127.207.162.92:44135] logged in with entity id 96213 at (120.4864347874618, 76.0, 0.22147262330104506)
[15Apr2025 00:25:06.568] [Server thread/INFO] [net.minecraft.server.MinecraftServer/]: AlexaurusRex16 joined the game
[15Apr2025 00:25:06.610] [Server thread/INFO] [Jade/]: Syncing config to AlexaurusRex16 (e5453d97-89f4-3d1b-bced-bdf7d2f5b776)
[15Apr2025 00:25:28.044] [Server thread/INFO] [net.minecraft.server.MinecraftServer/]: [AlexaurusRex16: Set own game mode to Spectator Mode]
[15Apr2025 00:26:08.989] [Server thread/INFO] [net.minecraft.server.MinecraftServer/]: [AlexaurusRex16: Teleported AlexaurusRex16 to Johan]
[15Apr2025 00:26:24.358] [Server thread/INFO] [net.minecraft.server.MinecraftServer/]: [paco: Teleported paco to Johan]
[15Apr2025 00:26:32.310] [Server thread/INFO] [net.minecraft.server.MinecraftServer/]: [paco: Teleported paco to Johan]
[15Apr2025 00:27:32.987] [Server thread/INFO] [net.minecraft.server.MinecraftServer/]: [paco: Teleported paco to 134.500000, 77.500000, 23.500000]
[15Apr2025 00:27:45.473] [Server thread/INFO] [net.minecraft.server.MinecraftServer/]: [Johan: Teleported Johan to AlexaurusRex16]
[15Apr2025 00:27:57.489] [Server thread/INFO] [net.minecraft.server.MinecraftServer/]: Johan suffocated in a wall
[15Apr2025 00:27:57.492] [Server thread/INFO] [com.tiviacz.travelersbackpack.TravelersBackpack/]: Created new backpack backup file for Johan with unique ID travelersbackpack.emerald_15.04.2025-00.27.57.dat
[15Apr2025 00:27:57.492] [Server thread/INFO] [com.tiviacz.travelersbackpack.TravelersBackpack/]: There's no space for backpack. Dropping backpack item at X: 146 Y: 61.0 Z: 48
[15Apr2025 00:27:58.097] [Server thread/INFO] [net.minecraft.server.MinecraftServer/]: [AlexaurusRex16: Teleported Johan to AlexaurusRex16]
[15Apr2025 00:28:08.989] [Server thread/INFO] [net.minecraft.server.MinecraftServer/]: [Johan: Teleported Johan to AlexaurusRex16]
[15Apr2025 00:28:12.277] [Server thread/INFO] [net.minecraft.server.MinecraftServer/]: [Johan: Teleported Johan to paco]
[15Apr2025 00:28:13.122] [Server thread/INFO] [net.minecraft.server.MinecraftServer/]: [AlexaurusRex16: Teleported Johan to AlexaurusRex16]
[15Apr2025 00:28:34.007] [Server thread/INFO] [net.minecraft.server.MinecraftServer/]: [AlexaurusRex16: Teleported Johan to AlexaurusRex16]
[15Apr2025 00:29:32.169] [Server thread/INFO] [net.minecraft.server.MinecraftServer/]: [paco: Teleported paco to Anau]
[15Apr2025 00:29:52.034] [Server thread/INFO] [net.minecraft.server.MinecraftServer/]: [AlexaurusRex16: Teleported Johan to AlexaurusRex16]
[15Apr2025 00:29:57.556] [Server thread/INFO] [net.minecraft.server.MinecraftServer/]: [paco: Teleported paco to Johan]
[15Apr2025 00:30:01.193] [Server thread/INFO] [net.minecraft.server.MinecraftServer/]: [Anau: Teleported paco to Anau]
[15Apr2025 00:30:33.887] [Server thread/INFO] [net.minecraft.server.MinecraftServer/]: [Johan: Teleported Johan to paco]
[15Apr2025 00:30:42.523] [Server thread/INFO] [net.minecraft.server.MinecraftServer/]: [AlexaurusRex16: Set own game mode to Survival Mode]
[15Apr2025 00:31:17.185] [Server thread/INFO] [net.minecraft.server.MinecraftServer/]: [paco: Teleported paco to Anau]
[15Apr2025 00:31:20.988] [Server thread/INFO] [net.minecraft.server.MinecraftServer/]: [Johan: Teleported Johan to AlexaurusRex16]
[15Apr2025 00:33:10.684] [Server thread/INFO] [net.minecraft.server.MinecraftServer/]: [paco: Teleported paco to Johan]
[15Apr2025 00:33:11.531] [Server thread/INFO] [net.minecraft.server.MinecraftServer/]: Anau has made the advancement [Hot Stuff]
[15Apr2025 00:34:19.787] [Server thread/INFO] [net.minecraft.server.MinecraftServer/]: [Johan: Kicked paco: Kicked by an operator]
[15Apr2025 00:34:19.837] [Server thread/INFO] [net.minecraft.server.network.ServerGamePacketListenerImpl/]: paco lost connection: Kicked by an operator
[15Apr2025 00:34:19.837] [Server thread/INFO] [net.minecraft.server.MinecraftServer/]: paco left the game
[15Apr2025 00:34:27.000] [Server thread/INFO] [net.minecraft.server.players.PlayerList/]: paco[/127.89.181.175:56755] logged in with entity id 98635 at (169.5158416830695, 76.0, -3.0497513660524302)
[15Apr2025 00:34:27.011] [Server thread/INFO] [net.minecraft.server.MinecraftServer/]: paco joined the game
[15Apr2025 00:34:27.050] [Server thread/INFO] [Jade/]: Syncing config to paco (c071fbdb-12f6-3dae-9919-8cdbc58fa1b3)
[15Apr2025 00:34:27.886] [Server thread/INFO] [net.minecraft.server.MinecraftServer/]: Johan was doomed to fall by paco
[15Apr2025 00:34:27.889] [Server thread/INFO] [com.tiviacz.travelersbackpack.TravelersBackpack/]: Created new backpack backup file for Johan with unique ID travelersbackpack.emerald_15.04.2025-00.34.27.dat
[15Apr2025 00:34:27.889] [Server thread/INFO] [com.tiviacz.travelersbackpack.TravelersBackpack/]: There's no space for backpack. Dropping backpack item at X: 172 Y: 76.0 Z: -4
[15Apr2025 00:34:35.675] [Server thread/INFO] [net.minecraft.server.MinecraftServer/]: [Johan: Teleported Johan to 173.500000, 76.500000, -2.500000]
[15Apr2025 00:34:41.126] [Server thread/INFO] [net.minecraft.server.MinecraftServer/]: [Anau: Teleported Anau to paco]
[15Apr2025 00:35:19.684] [Server thread/INFO] [net.minecraft.server.network.ServerGamePacketListenerImpl/]: paco lost connection: Disconnected
[15Apr2025 00:35:19.684] [Server thread/INFO] [net.minecraft.server.MinecraftServer/]: paco left the game
[15Apr2025 00:35:22.509] [Server thread/INFO] [net.minecraft.server.MinecraftServer/]: Anau blew up
[15Apr2025 00:35:22.513] [Server thread/INFO] [com.tiviacz.travelersbackpack.TravelersBackpack/]: Created new backpack backup file for Anau with unique ID travelersbackpack.sheep_15.04.2025-00.35.22.dat
[15Apr2025 00:35:22.513] [Server thread/INFO] [com.tiviacz.travelersbackpack.TravelersBackpack/]: There's no space for backpack. Dropping backpack item at X: 141 Y: 88.97428901097203 Z: 11
[15Apr2025 00:36:17.540] [Server thread/INFO] [net.minecraft.server.network.ServerGamePacketListenerImpl/]: Anau lost connection: Disconnected
[15Apr2025 00:36:17.541] [Server thread/INFO] [net.minecraft.server.MinecraftServer/]: Anau left the game
[15Apr2025 00:38:12.839] [Server thread/INFO] [net.minecraft.server.MinecraftServer/]: [Johan: Teleported Johan to AlexaurusRex16]
